<?xml version="1.0" encoding="UTF-8"?>
<!-- Generated by org.testng.reporters.JUnitXMLReporter -->
<testsuite ignored="0" hostname="DESKTOP-IDC320D" failures="0" tests="2" name="UCSC Test Automation Demo Testcases" time="43.525" errors="0" timestamp="17 Mar 2023 18:31:09 GMT">
  <testcase classname="com.hr.qa.testcases.UserPageTest" name="VerifyPageTitle" time="0.013"/>
  <testcase classname="com.hr.qa.testcases.UserPageTest" name="ValidateNewUserForm" time="2.929"/>
</testsuite> <!-- UCSC Test Automation Demo Testcases -->
