<?xml version="1.0" encoding="UTF-8"?>
<testng-results ignored="0" total="2" passed="2" failed="0" skipped="0">
  <reporter-output>
  </reporter-output>
  <suite started-at="2023-03-17T18:30:25Z" name="UCSC Test Automation Demo" finished-at="2023-03-17T18:31:09Z" duration-ms="43525">
    <groups>
    </groups>
    <test started-at="2023-03-17T18:30:25Z" name="UCSC Test Automation Demo Testcases" finished-at="2023-03-17T18:31:09Z" duration-ms="43525">
      <class name="com.hr.qa.testcases.UserPageTest">
        <test-method is-config="true" signature="setUp()[pri:0, instance:com.hr.qa.testcases.UserPageTest@68567e20]" started-at="2023-03-17T18:30:25Z" name="setUp" finished-at="2023-03-17T18:30:45Z" duration-ms="20006" status="PASS">
          <reporter-output>
          </reporter-output>
        </test-method> <!-- setUp -->
        <test-method signature="VerifyPageTitle()[pri:1, instance:com.hr.qa.testcases.UserPageTest@68567e20]" started-at="2023-03-17T18:30:45Z" name="VerifyPageTitle" finished-at="2023-03-17T18:30:45Z" duration-ms="13" status="PASS">
          <reporter-output>
          </reporter-output>
        </test-method> <!-- VerifyPageTitle -->
        <test-method is-config="true" signature="tearDown()[pri:0, instance:com.hr.qa.testcases.UserPageTest@68567e20]" started-at="2023-03-17T18:30:45Z" name="tearDown" finished-at="2023-03-17T18:30:45Z" duration-ms="154" status="PASS">
          <reporter-output>
          </reporter-output>
        </test-method> <!-- tearDown -->
        <test-method is-config="true" signature="setUp()[pri:0, instance:com.hr.qa.testcases.UserPageTest@68567e20]" started-at="2023-03-17T18:30:46Z" name="setUp" finished-at="2023-03-17T18:31:06Z" duration-ms="19881" status="PASS">
          <reporter-output>
          </reporter-output>
        </test-method> <!-- setUp -->
        <test-method signature="ValidateNewUserForm(java.lang.String, java.lang.String, java.lang.String)[pri:2, instance:com.hr.qa.testcases.UserPageTest@68567e20]" started-at="2023-03-17T18:31:06Z" name="ValidateNewUserForm" data-provider="GetNewUserTestData" finished-at="2023-03-17T18:31:09Z" duration-ms="2929" status="PASS">
          <params>
            <param index="0">
              <value>
                <![CDATA[Dasun]]>
              </value>
            </param>
            <param index="1">
              <value>
                <![CDATA[Sennath]]>
              </value>
            </param>
            <param index="2">
              <value>
                <![CDATA[Dasun@gmail.com]]>
              </value>
            </param>
          </params>
          <reporter-output>
          </reporter-output>
        </test-method> <!-- ValidateNewUserForm -->
        <test-method is-config="true" signature="tearDown()[pri:0, instance:com.hr.qa.testcases.UserPageTest@68567e20]" started-at="2023-03-17T18:31:09Z" name="tearDown" finished-at="2023-03-17T18:31:09Z" duration-ms="148" status="PASS">
          <reporter-output>
          </reporter-output>
        </test-method> <!-- tearDown -->
      </class> <!-- com.hr.qa.testcases.UserPageTest -->
    </test> <!-- UCSC Test Automation Demo Testcases -->
  </suite> <!-- UCSC Test Automation Demo -->
</testng-results>
